# JRE version: Java(TM) SE Runtime Environment (8.0_05-b13) (build 1.8.0_05-b13)
# Java VM: Java HotSpot(TM) 64-Bit Server VM (25.5-b02 mixed mode windows-amd64 compressed oops)
Heap:
 PSYoungGen      total 66048K, used 10744K [0x00000000eab00000, 0x00000000efd00000, 0x0000000100000000)
  eden space 52224K, 0% used [0x00000000eab00000,0x00000000eab00000,0x00000000ede00000)
  from space 13824K, 77% used [0x00000000eec80000,0x00000000ef6fe128,0x00000000efa00000)
  to   space 14848K, 0% used [0x00000000ede00000,0x00000000ede00000,0x00000000eec80000)
 ParOldGen       total 24064K, used 23698K [0x00000000c0000000, 0x00000000c1780000, 0x00000000eab00000)
  object space 24064K, 98% used [0x00000000c0000000,0x00000000c17248c8,0x00000000c1780000)
 Metaspace       used 42871K, capacity 43664K, committed 43776K, reserved 1087488K
  class space    used 5937K, capacity 6116K, committed 6144K, reserved 1048576K
GC Heap History (10 events):
Event: 12.564 GC heap after
Heap after GC invocations=27 (full 3):
 PSYoungGen      total 55296K, used 4945K [0x00000000eab00000, 0x00000000eee80000, 0x0000000100000000)
  eden space 48640K, 0% used [0x00000000eab00000,0x00000000eab00000,0x00000000eda80000)
  from space 6656K, 74% used [0x00000000ee300000,0x00000000ee7d4748,0x00000000ee980000)
  to   space 8704K, 0% used [0x00000000eda80000,0x00000000eda80000,0x00000000ee300000)
 ParOldGen       total 22016K, used 15169K [0x00000000c0000000, 0x00000000c1580000, 0x00000000eab00000)
  object space 22016K, 68% used [0x00000000c0000000,0x00000000c0ed07e0,0x00000000c1580000)
 Metaspace       used 34852K, capacity 35414K, committed 35584K, reserved 1079296K
  class space    used 4708K, capacity 4836K, committed 4864K, reserved 1048576K
}
Event: 14.479 GC heap before
{Heap before GC invocations=28 (full 3):
 PSYoungGen      total 55296K, used 53585K [0x00000000eab00000, 0x00000000eee80000, 0x0000000100000000)
  eden space 48640K, 100% used [0x00000000eab00000,0x00000000eda80000,0x00000000eda80000)
  from space 6656K, 74% used [0x00000000ee300000,0x00000000ee7d4748,0x00000000ee980000)
  to   space 8704K, 0% used [0x00000000eda80000,0x00000000eda80000,0x00000000ee300000)
 ParOldGen       total 22016K, used 15169K [0x00000000c0000000, 0x00000000c1580000, 0x00000000eab00000)
  object space 22016K, 68% used [0x00000000c0000000,0x00000000c0ed07e0,0x00000000c1580000)
 Metaspace       used 39365K, capacity 39984K, committed 40320K, reserved 1083392K
  class space    used 5364K, capacity 5477K, committed 5504K, reserved 1048576K
Event: 14.504 GC heap after
Heap after GC invocations=28 (full 3):
 PSYoungGen      total 57344K, used 7916K [0x00000000eab00000, 0x00000000ef080000, 0x0000000100000000)
  eden space 48640K, 0% used [0x00000000eab00000,0x00000000eab00000,0x00000000eda80000)
  from space 8704K, 90% used [0x00000000eda80000,0x00000000ee23b208,0x00000000ee300000)
  to   space 9728K, 0% used [0x00000000ee700000,0x00000000ee700000,0x00000000ef080000)
 ParOldGen       total 22016K, used 16954K [0x00000000c0000000, 0x00000000c1580000, 0x00000000eab00000)
  object space 22016K, 77% used [0x00000000c0000000,0x00000000c108e800,0x00000000c1580000)
 Metaspace       used 39365K, capacity 39984K, committed 40320K, reserved 1083392K
  class space    used 5364K, capacity 5477K, committed 5504K, reserved 1048576K
}
Event: 19.987 GC heap before
{Heap before GC invocations=29 (full 3):
 PSYoungGen      total 57344K, used 56556K [0x00000000eab00000, 0x00000000ef080000, 0x0000000100000000)
  eden space 48640K, 100% used [0x00000000eab00000,0x00000000eda80000,0x00000000eda80000)
  from space 8704K, 90% used [0x00000000eda80000,0x00000000ee23b208,0x00000000ee300000)
  to   space 9728K, 0% used [0x00000000ee700000,0x00000000ee700000,0x00000000ef080000)
 ParOldGen       total 22016K, used 16954K [0x00000000c0000000, 0x00000000c1580000, 0x00000000eab00000)
  object space 22016K, 77% used [0x00000000c0000000,0x00000000c108e800,0x00000000c1580000)
 Metaspace       used 40149K, capacity 40816K, committed 40960K, reserved 1085440K
  class space    used 5443K, capacity 5605K, committed 5632K, reserved 1048576K
Event: 20.016 GC heap after
Heap after GC invocations=29 (full 3):
 PSYoungGen      total 59904K, used 9181K [0x00000000eab00000, 0x00000000ef380000, 0x0000000100000000)
  eden space 50176K, 0% used [0x00000000eab00000,0x00000000eab00000,0x00000000edc00000)
  from space 9728K, 94% used [0x00000000ee700000,0x00000000eeff7640,0x00000000ef080000)
  to   space 11264K, 0% used [0x00000000edc00000,0x00000000edc00000,0x00000000ee700000)
 ParOldGen       total 22016K, used 16962K [0x00000000c0000000, 0x00000000c1580000, 0x00000000eab00000)
  object space 22016K, 77% used [0x00000000c0000000,0x00000000c1090800,0x00000000c1580000)
 Metaspace       used 40149K, capacity 40816K, committed 40960K, reserved 1085440K
  class space    used 5443K, capacity 5605K, committed 5632K, reserved 1048576K
}
Event: 22.037 GC heap before
{Heap before GC invocations=30 (full 3):
 PSYoungGen      total 59904K, used 59357K [0x00000000eab00000, 0x00000000ef380000, 0x0000000100000000)
  eden space 50176K, 100% used [0x00000000eab00000,0x00000000edc00000,0x00000000edc00000)
  from space 9728K, 94% used [0x00000000ee700000,0x00000000eeff7640,0x00000000ef080000)
  to   space 11264K, 0% used [0x00000000edc00000,0x00000000edc00000,0x00000000ee700000)
 ParOldGen       total 22016K, used 16962K [0x00000000c0000000, 0x00000000c1580000, 0x00000000eab00000)
  object space 22016K, 77% used [0x00000000c0000000,0x00000000c1090800,0x00000000c1580000)
 Metaspace       used 41153K, capacity 41802K, committed 42112K, reserved 1085440K
  class space    used 5621K, capacity 5753K, committed 5760K, reserved 1048576K
Event: 22.061 GC heap after
Heap after GC invocations=30 (full 3):
 PSYoungGen      total 61440K, used 11253K [0x00000000eab00000, 0x00000000efa00000, 0x0000000100000000)
  eden space 50176K, 0% used [0x00000000eab00000,0x00000000eab00000,0x00000000edc00000)
  from space 11264K, 99% used [0x00000000edc00000,0x00000000ee6fd7f0,0x00000000ee700000)
  to   space 13824K, 0% used [0x00000000eec80000,0x00000000eec80000,0x00000000efa00000)
 ParOldGen       total 22016K, used 17894K [0x00000000c0000000, 0x00000000c1580000, 0x00000000eab00000)
  object space 22016K, 81% used [0x00000000c0000000,0x00000000c1179920,0x00000000c1580000)
 Metaspace       used 41153K, capacity 41802K, committed 42112K, reserved 1085440K
  class space    used 5621K, capacity 5753K, committed 5760K, reserved 1048576K
}
Event: 23.402 GC heap before
{Heap before GC invocations=31 (full 3):
 PSYoungGen      total 61440K, used 61429K [0x00000000eab00000, 0x00000000efa00000, 0x0000000100000000)
  eden space 50176K, 100% used [0x00000000eab00000,0x00000000edc00000,0x00000000edc00000)
  from space 11264K, 99% used [0x00000000edc00000,0x00000000ee6fd7f0,0x00000000ee700000)
  to   space 13824K, 0% used [0x00000000eec80000,0x00000000eec80000,0x00000000efa00000)
 ParOldGen       total 22016K, used 17894K [0x00000000c0000000, 0x00000000c1580000, 0x00000000eab00000)
  object space 22016K, 81% used [0x00000000c0000000,0x00000000c1179920,0x00000000c1580000)
 Metaspace       used 42871K, capacity 43664K, committed 43776K, reserved 1087488K
  class space    used 5937K, capacity 6116K, committed 6144K, reserved 1048576K
Event: 23.448 GC heap after
Heap after GC invocations=31 (full 3):
 PSYoungGen      total 66048K, used 10744K [0x00000000eab00000, 0x00000000efd00000, 0x0000000100000000)
  eden space 52224K, 0% used [0x00000000eab00000,0x00000000eab00000,0x00000000ede00000)
  from space 13824K, 77% used [0x00000000eec80000,0x00000000ef6fe128,0x00000000efa00000)
  to   space 14848K, 0% used [0x00000000ede00000,0x00000000ede00000,0x00000000eec80000)
 ParOldGen       total 24064K, used 23698K [0x00000000c0000000, 0x00000000c1780000, 0x00000000eab00000)
  object space 24064K, 98% used [0x00000000c0000000,0x00000000c17248c8,0x00000000c1780000)
 Metaspace       used 42871K, capacity 43664K, committed 43776K, reserved 1087488K
  class space    used 5937K, capacity 6116K, committed 6144K, reserved 1048576K
}
Event: 23.448 GC heap before
{Heap before GC invocations=32 (full 4):
 PSYoungGen      total 66048K, used 10744K [0x00000000eab00000, 0x00000000efd00000, 0x0000000100000000)
  eden space 52224K, 0% used [0x00000000eab00000,0x00000000eab00000,0x00000000ede00000)
  from space 13824K, 77% used [0x00000000eec80000,0x00000000ef6fe128,0x00000000efa00000)
  to   space 14848K, 0% used [0x00000000ede00000,0x00000000ede00000,0x00000000eec80000)
 ParOldGen       total 24064K, used 23698K [0x00000000c0000000, 0x00000000c1780000, 0x00000000eab00000)
  object space 24064K, 98% used [0x00000000c0000000,0x00000000c17248c8,0x00000000c1780000)
 Metaspace       used 42871K, capacity 43664K, committed 43776K, reserved 1087488K
  class space    used 5937K, capacity 6116K, committed 6144K, reserved 1048576K

